<?xml version="1.0" encoding="UTF-8"?>
<!-- Generated by org.testng.reporters.JUnitReportReporter -->
<testsuite hostname="prashoys-MacBook-Air.local" failures="0" tests="1" name="com.supermarket.tests.ManageOrdersTest" time="6.912" errors="0" timestamp="2022-11-24T15:56:37 IST" skipped="0">
  <testcase classname="com.supermarket.tests.ManageOrdersTest" name="verify" time="6.912"/>
  <system-out/>
</testsuite> <!-- com.supermarket.tests.ManageOrdersTest -->
