<?xml version="1.0" encoding="UTF-8"?>
<!-- Generated by org.testng.reporters.JUnitReportReporter -->
<testsuite hostname="prashoys-MacBook-Air.local" failures="0" tests="1" name="com.supermarket.tests.AdminUsersTest" time="12.348" errors="0" timestamp="2022-11-24T20:55:11 IST" skipped="0">
  <testcase classname="com.supermarket.tests.AdminUsersTest" name="verifyAdminUserDeactivation" time="12.348"/>
  <system-out/>
</testsuite> <!-- com.supermarket.tests.AdminUsersTest -->
