<?xml version="1.0" encoding="UTF-8"?>
<!-- Generated by org.testng.reporters.JUnitReportReporter -->
<testsuite hostname="prashoys-MacBook-Air.local" failures="0" tests="1" name="com.supermarket.tests.LoginTest" time="4.822" errors="0" timestamp="2022-11-24T15:18:50 IST" skipped="0">
  <testcase classname="com.supermarket.tests.LoginTest" name="verify_textOfRememberMeCheckbox" time="4.822"/>
  <system-out/>
</testsuite> <!-- com.supermarket.tests.LoginTest -->
