<?xml version="1.0" encoding="UTF-8"?>
<!-- Generated by org.testng.reporters.JUnitReportReporter -->
<testsuite hostname="prashoys-MacBook-Air.local" failures="0" tests="1" name="com.supermarket.tests.PushNotificationsTest" time="6.492" errors="0" timestamp="2022-11-24T15:22:10 IST" skipped="0">
  <testcase classname="com.supermarket.tests.PushNotificationsTest" name="verify_LoginByCheckingProfileName" time="6.492"/>
  <system-out/>
</testsuite> <!-- com.supermarket.tests.PushNotificationsTest -->
