<?xml version="1.0" encoding="UTF-8"?>
<!-- Generated by org.testng.reporters.JUnitReportReporter -->
<testsuite hostname="prashoys-MacBook-Air.local" failures="0" tests="1" name="com.supermarket.tests.HomeTest" time="14.231" errors="0" timestamp="2022-11-23T21:38:25 IST" skipped="0">
  <testcase classname="com.supermarket.tests.HomeTest" name="printHamePage_Links" time="14.231"/>
  <system-out/>
</testsuite> <!-- com.supermarket.tests.HomeTest -->
